This is pdfTeX, Version 3.14159265-2.6-1.40.21 (TeX Live 2020/W32TeX) (preloaded format=pdflatex 2020.10.9)  13 OCT 2020 08:42
entering extended mode
 restricted \write18 enabled.
 %&-line parsing enabled.
**"report1 - Aimee.tex"
(./report1 - Aimee.tex
LaTeX2e <2020-02-02> patch level 5
L3 programming layer <2020-03-06>
(h:/texlive/texlive/2020/texmf-dist/tex/latex/base/article.cls
Document Class: article 2019/12/20 v1.4l Standard LaTeX document class
(h:/texlive/texlive/2020/texmf-dist/tex/latex/base/size10.clo
File: size10.clo 2019/12/20 v1.4l Standard LaTeX file (size option)
)
\c@part=\count167
\c@section=\count168
\c@subsection=\count169
\c@subsubsection=\count170
\c@paragraph=\count171
\c@subparagraph=\count172
\c@figure=\count173
\c@table=\count174
\abovecaptionskip=\skip47
\belowcaptionskip=\skip48
\bibindent=\dimen134
)
(h:/texlive/texlive/2020/texmf-dist/tex/latex/graphics/graphicx.sty
Package: graphicx 2019/11/30 v1.2a Enhanced LaTeX Graphics (DPC,SPQR)

(h:/texlive/texlive/2020/texmf-dist/tex/latex/graphics/keyval.sty
Package: keyval 2014/10/28 v1.15 key=value parser (DPC)
\KV@toks@=\toks15
)
(h:/texlive/texlive/2020/texmf-dist/tex/latex/graphics/graphics.sty
Package: graphics 2019/11/30 v1.4a Standard LaTeX Graphics (DPC,SPQR)

(h:/texlive/texlive/2020/texmf-dist/tex/latex/graphics/trig.sty
Package: trig 2016/01/03 v1.10 sin cos tan (DPC)
)
(h:/texlive/texlive/2020/texmf-dist/tex/latex/graphics-cfg/graphics.cfg
File: graphics.cfg 2016/06/04 v1.11 sample graphics configuration
)
Package graphics Info: Driver file: pdftex.def on input line 105.

(h:/texlive/texlive/2020/texmf-dist/tex/latex/graphics-def/pdftex.def
File: pdftex.def 2018/01/08 v1.0l Graphics/color driver for pdftex
))
\Gin@req@height=\dimen135
\Gin@req@width=\dimen136
)
(h:/texlive/texlive/2020/texmf-dist/tex/latex/graphics/color.sty
Package: color 2019/11/23 v1.2a Standard LaTeX Color (DPC)

(h:/texlive/texlive/2020/texmf-dist/tex/latex/graphics-cfg/color.cfg
File: color.cfg 2016/01/02 v1.6 sample color configuration
)
Package color Info: Driver file: pdftex.def on input line 147.
)
(h:/texlive/texlive/2020/texmf-dist/tex/latex/underscore/underscore.sty
Package: underscore 2006/09/13
LaTeX Info: Redefining \_ on input line 42.
)
(h:/texlive/texlive/2020/texmf-dist/tex/latex/xcolor/xcolor.sty
Package: xcolor 2016/05/11 v2.12 LaTeX color extensions (UK)

(h:/texlive/texlive/2020/texmf-dist/tex/latex/graphics-cfg/color.cfg
File: color.cfg 2016/01/02 v1.6 sample color configuration
)
Package xcolor Info: Driver file: pdftex.def on input line 225.

(h:/texlive/texlive/2020/texmf-dist/tex/latex/colortbl/colortbl.sty
Package: colortbl 2020/01/04 v1.0e Color table columns (DPC)

(h:/texlive/texlive/2020/texmf-dist/tex/latex/tools/array.sty
Package: array 2019/08/31 v2.4l Tabular extension package (FMi)
\col@sep=\dimen137
\ar@mcellbox=\box45
\extrarowheight=\dimen138
\NC@list=\toks16
\extratabsurround=\skip49
\backup@length=\skip50
\ar@cellbox=\box46
)
\everycr=\toks17
\minrowclearance=\skip51
)
LaTeX Info: Redefining \color on input line 709.
\rownum=\count175
Package xcolor Info: Model `cmy' substituted by `cmy0' on input line 1348.
Package xcolor Info: Model `hsb' substituted by `rgb' on input line 1352.
Package xcolor Info: Model `RGB' extended on input line 1364.
Package xcolor Info: Model `HTML' substituted by `rgb' on input line 1366.
Package xcolor Info: Model `Hsb' substituted by `hsb' on input line 1367.
Package xcolor Info: Model `tHsb' substituted by `hsb' on input line 1368.
Package xcolor Info: Model `HSB' substituted by `hsb' on input line 1369.
Package xcolor Info: Model `Gray' substituted by `gray' on input line 1370.
Package xcolor Info: Model `wave' substituted by `hsb' on input line 1371.
)
(h:/texlive/texlive/2020/texmf-dist/tex/latex/l3backend/l3backend-pdfmode.def
File: l3backend-pdfmode.def 2020-03-12 L3 backend support: PDF mode
\l__kernel_color_stack_int=\count176
\l__pdf_internal_box=\box47
)

LaTeX Warning: Unused global option(s):
    [24pt].

(./report1 - Aimee.aux)
\openout1 = `"report1 - Aimee.aux"'.

LaTeX Font Info:    Checking defaults for OML/cmm/m/it on input line 21.
LaTeX Font Info:    ... okay on input line 21.
LaTeX Font Info:    Checking defaults for OMS/cmsy/m/n on input line 21.
LaTeX Font Info:    ... okay on input line 21.
LaTeX Font Info:    Checking defaults for OT1/cmr/m/n on input line 21.
LaTeX Font Info:    ... okay on input line 21.
LaTeX Font Info:    Checking defaults for T1/cmr/m/n on input line 21.
LaTeX Font Info:    ... okay on input line 21.
LaTeX Font Info:    Checking defaults for TS1/cmr/m/n on input line 21.
LaTeX Font Info:    ... okay on input line 21.
LaTeX Font Info:    Checking defaults for OMX/cmex/m/n on input line 21.
LaTeX Font Info:    ... okay on input line 21.
LaTeX Font Info:    Checking defaults for U/cmr/m/n on input line 21.
LaTeX Font Info:    ... okay on input line 21.

(h:/texlive/texlive/2020/texmf-dist/tex/context/base/mkii/supp-pdf.mkii
[Loading MPS to PDF converter (version 2006.09.02).]
\scratchcounter=\count177
\scratchdimen=\dimen139
\scratchbox=\box48
\nofMPsegments=\count178
\nofMParguments=\count179
\everyMPshowfont=\toks18
\MPscratchCnt=\count180
\MPscratchDim=\dimen140
\MPnumerator=\count181
\makeMPintoPDFobject=\count182
\everyMPtoPDFconversion=\toks19
) (h:/texlive/texlive/2020/texmf-dist/tex/latex/epstopdf-pkg/epstopdf-base.sty
Package: epstopdf-base 2020-01-24 v2.11 Base part for package epstopdf
Package epstopdf-base Info: Redefining graphics rule for `.eps' on input line 4
85.

(h:/texlive/texlive/2020/texmf-dist/tex/latex/latexconfig/epstopdf-sys.cfg
File: epstopdf-sys.cfg 2010/07/13 v1.3 Configuration of (r)epstopdf for TeX Liv
e
))
<SAR.jpg, id=1, 48.18pt x 36.3759pt>
File: SAR.jpg Graphic file (type jpg)
<use SAR.jpg>
Package pdftex.def Info: SAR.jpg  used on input line 23.
(pdftex.def)             Requested size: 56.90553pt x 68.28786pt.
LaTeX Font Info:    External font `cmex10' loaded for size
(Font)              <12> on input line 23.
LaTeX Font Info:    External font `cmex10' loaded for size
(Font)              <8> on input line 23.
LaTeX Font Info:    External font `cmex10' loaded for size
(Font)              <6> on input line 23.
LaTeX Font Info:    External font `cmex10' loaded for size
(Font)              <7> on input line 31.
LaTeX Font Info:    External font `cmex10' loaded for size
(Font)              <5> on input line 31.

Underfull \hbox (badness 1515) in paragraph at lines 34--34
[]|\OT1/cmr/m/n/10 Team Mem-
 []

<lishaogang.jpg, id=2, 1939.245pt x 2585.66pt>
File: lishaogang.jpg Graphic file (type jpg)
<use lishaogang.jpg>
Package pdftex.def Info: lishaogang.jpg  used on input line 38.
(pdftex.def)             Requested size: 51.19148pt x 68.25531pt.
<Wangyuan.jpg, id=3, 601.24625pt x 741.77126pt>
File: Wangyuan.jpg Graphic file (type jpg)
<use Wangyuan.jpg>
Package pdftex.def Info: Wangyuan.jpg  used on input line 38.
(pdftex.def)             Requested size: 51.21075pt x 68.28453pt.
<Ruanhengyu.jpg, id=4, 1128.215pt x 1495.5875pt>
File: Ruanhengyu.jpg Graphic file (type jpg)
<use Ruanhengyu.jpg>
Package pdftex.def Info: Ruanhengyu.jpg  used on input line 38.
(pdftex.def)             Requested size: 51.19786pt x 68.27982pt.
<Aimee.jpg, id=5, 1052.93375pt x 1258.7025pt>
File: Aimee.jpg Graphic file (type jpg)
<use Aimee.jpg>
Package pdftex.def Info: Aimee.jpg  used on input line 38.
(pdftex.def)             Requested size: 51.20378pt x 68.27814pt.

Underfull \hbox (badness 10000) in paragraph at lines 42--42
[]|\OT1/cmr/m/n/10 Accomplish
 []


Overfull \hbox (109.80621pt too wide) in paragraph at lines 31--45
 [] 
 []

[1

{h:/texlive/texlive/2020/texmf-var/fonts/map/pdftex/updmap/pdftex.map} <./SAR.j
pg> <./lishaogang.jpg> <./Wangyuan.jpg> <./Ruanhengyu.jpg> <./Aimee.jpg>]
(./report1 - Aimee.aux) ) 
Here is how much of TeX's memory you used:
 1786 strings out of 480608
 24970 string characters out of 5903608
 267243 words of memory out of 5000000
 17689 multiletter control sequences out of 15000+600000
 535988 words of font info for 36 fonts, out of 8000000 for 9000
 1141 hyphenation exceptions out of 8191
 32i,18n,37p,325b,345s stack positions out of 5000i,500n,10000p,200000b,80000s
<h:/texlive/texlive/2020/texmf-dist/fonts/type1/public
/amsfonts/cm/cmr10.pfb><h:/texlive/texlive/2020/texmf-dist/fonts/type1/public/a
msfonts/cm/cmr12.pfb><h:/texlive/texlive/2020/texmf-dist/fonts/type1/public/ams
fonts/cm/cmr17.pfb>
Output written on "report1 - Aimee.pdf" (1 page, 1525746 bytes).
PDF statistics:
 25 PDF objects out of 1000 (max. 8388607)
 13 compressed objects within 1 object stream
 0 named destinations out of 1000 (max. 500000)
 26 words of extra memory for PDF output out of 10000 (max. 10000000)

